EDA Netlist Writer report for main
Mon Mar 24 19:01:12 2014
Quartus II 32-bit Version 11.1 Build 173 11/01/2011 SJ Web Edition


---------------------
; Table of Contents ;
---------------------
  1. Legal Notice
  2. EDA Netlist Writer Summary
  3. Simulation Settings
  4. Simulation Generated Files
  5. EDA Netlist Writer Messages



----------------
; Legal Notice ;
----------------
Copyright (C) 1991-2011 Altera Corporation
Your use of Altera Corporation's design tools, logic functions 
and other software and tools, and its AMPP partner logic 
functions, and any output files from any of the foregoing 
(including device programming or simulation files), and any 
associated documentation or information are expressly subject 
to the terms and conditions of the Altera Program License 
Subscription Agreement, Altera MegaCore Function License 
Agreement, or other applicable license agreement, including, 
without limitation, that your use is for the sole purpose of 
programming logic devices manufactured by Altera and sold by 
Altera or its authorized distributors.  Please refer to the 
applicable agreement for further details.



+-------------------------------------------------------------------+
; EDA Netlist Writer Summary                                        ;
+---------------------------+---------------------------------------+
; EDA Netlist Writer Status ; Successful - Mon Mar 24 19:01:12 2014 ;
; Revision Name             ; main                                  ;
; Top-level Entity Name     ; main                                  ;
; Family                    ; Cyclone II                            ;
; Simulation Files Creation ; Successful                            ;
+---------------------------+---------------------------------------+


+----------------------------------------------------------------------------------------------------------------------------+
; Simulation Settings                                                                                                        ;
+---------------------------------------------------------------------------------------------------+------------------------+
; Option                                                                                            ; Setting                ;
+---------------------------------------------------------------------------------------------------+------------------------+
; Tool Name                                                                                         ; ModelSim-Altera (VHDL) ;
; Generate netlist for functional simulation only                                                   ; Off                    ;
; Time scale                                                                                        ; 1 ps                   ;
; Truncate long hierarchy paths                                                                     ; Off                    ;
; Map illegal HDL characters                                                                        ; Off                    ;
; Flatten buses into individual nodes                                                               ; Off                    ;
; Maintain hierarchy                                                                                ; Off                    ;
; Bring out device-wide set/reset signals as ports                                                  ; Off                    ;
; Enable glitch filtering                                                                           ; Off                    ;
; Do not write top level VHDL entity                                                                ; Off                    ;
; Disable detection of setup and hold time violations in the input registers of bi-directional pins ; Off                    ;
; Architecture name in VHDL output netlist                                                          ; structure              ;
; Generate third-party EDA tool command script for RTL functional simulation                        ; Off                    ;
; Generate third-party EDA tool command script for gate-level simulation                            ; Off                    ;
+---------------------------------------------------------------------------------------------------+------------------------+


+--------------------------------------------------------------------------------------------------+
; Simulation Generated Files                                                                       ;
+--------------------------------------------------------------------------------------------------+
; Generated Files                                                                                  ;
+--------------------------------------------------------------------------------------------------+
; C:/Users/gilberto/Desktop/uni/2nd year/csc258/sound verlog/simulation/modelsim/main.vho          ;
; C:/Users/gilberto/Desktop/uni/2nd year/csc258/sound verlog/simulation/modelsim/main_fast.vho     ;
; C:/Users/gilberto/Desktop/uni/2nd year/csc258/sound verlog/simulation/modelsim/main_vhd.sdo      ;
; C:/Users/gilberto/Desktop/uni/2nd year/csc258/sound verlog/simulation/modelsim/main_vhd_fast.sdo ;
+--------------------------------------------------------------------------------------------------+


+-----------------------------+
; EDA Netlist Writer Messages ;
+-----------------------------+
Info: *******************************************************************
Info: Running Quartus II 32-bit EDA Netlist Writer
    Info: Version 11.1 Build 173 11/01/2011 SJ Web Edition
    Info: Processing started: Mon Mar 24 19:01:11 2014
Info: Command: quartus_eda --read_settings_files=off --write_settings_files=off main -c main
Info (204026): Generated files "main.vho", "main_fast.vho", "main_vhd.sdo" and "main_vhd_fast.sdo" in directory "C:/Users/gilberto/Desktop/uni/2nd year/csc258/sound verlog/simulation/modelsim/" for EDA simulation tool
Info: Quartus II 32-bit EDA Netlist Writer was successful. 0 errors, 0 warnings
    Info: Peak virtual memory: 264 megabytes
    Info: Processing ended: Mon Mar 24 19:01:12 2014
    Info: Elapsed time: 00:00:01
    Info: Total CPU time (on all processors): 00:00:01


